<?xml version="1.0" encoding="UTF-8"?>
<!-- Generated by org.testng.reporters.JUnitXMLReporter -->
<testsuite ignored="2" hostname="PranTiCK" failures="0" tests="1" name="Default test" time="12.187" errors="0" timestamp="2023-07-18T16:24:40 BDT">
  <testcase classname="handle_web_element.TC02Get_Navigate" name="handleBrowserWindow" time="12.16"/>
  <testcase classname="handle_web_element.TC02Get_Navigate" name="navigeteToWebPage" time="0.0">
    <ignored/>
  </testcase> <!-- navigeteToWebPage -->
  <testcase classname="utilities.DriverSetup" name="setDriver" time="0.0">
    <ignored/>
  </testcase> <!-- setDriver -->
</testsuite> <!-- Default test -->
