<?xml version="1.0" encoding="UTF-8"?>
<testng-results ignored="0" total="1" passed="1" failed="0" skipped="0">
  <reporter-output>
  </reporter-output>
  <suite started-at="2023-08-19T22:27:32 BDT" name="Default suite" finished-at="2023-08-19T22:27:43 BDT" duration-ms="10731">
    <groups>
    </groups>
    <test started-at="2023-08-19T22:27:32 BDT" name="Default test" finished-at="2023-08-19T22:27:43 BDT" duration-ms="10731">
      <class name="test_moblie.TestDialerApp">
        <test-method signature="test_genaral_store_apk()[pri:0, instance:test_moblie.TestDialerApp@f5acb9d]" started-at="2023-08-19T22:27:32 BDT" name="test_genaral_store_apk" finished-at="2023-08-19T22:27:43 BDT" duration-ms="10685" status="PASS">
          <reporter-output>
          </reporter-output>
        </test-method> <!-- test_genaral_store_apk -->
      </class> <!-- test_moblie.TestDialerApp -->
    </test> <!-- Default test -->
  </suite> <!-- Default suite -->
</testng-results>
