<?xml version="1.0" encoding="UTF-8"?>
<testng-results ignored="2" total="3" passed="1" failed="0" skipped="0">
  <reporter-output>
  </reporter-output>
  <suite started-at="2023-07-18T16:24:27 BDT" name="Default suite" finished-at="2023-07-18T16:24:40 BDT" duration-ms="12187">
    <groups>
    </groups>
    <test started-at="2023-07-18T16:24:27 BDT" name="Default test" finished-at="2023-07-18T16:24:40 BDT" duration-ms="12187">
      <class name="handle_web_element.TC02Get_Navigate">
        <test-method is-config="true" signature="setDriver()[pri:0, instance:handle_web_element.TC02Get_Navigate@41a0aa7d]" started-at="2023-07-18T16:24:26 BDT" name="setDriver" finished-at="2023-07-18T16:24:27 BDT" duration-ms="1900" status="PASS">
          <reporter-output>
          </reporter-output>
        </test-method> <!-- setDriver -->
        <test-method signature="handleBrowserWindow()[pri:0, instance:handle_web_element.TC02Get_Navigate@41a0aa7d]" started-at="2023-07-18T16:24:27 BDT" name="handleBrowserWindow" finished-at="2023-07-18T16:24:40 BDT" duration-ms="12160" status="PASS">
          <reporter-output>
          </reporter-output>
        </test-method> <!-- handleBrowserWindow -->
        <test-method is-config="true" signature="quitDriver()[pri:0, instance:handle_web_element.TC02Get_Navigate@41a0aa7d]" started-at="2023-07-18T16:24:40 BDT" name="quitDriver" finished-at="2023-07-18T16:24:40 BDT" duration-ms="184" status="PASS">
          <reporter-output>
          </reporter-output>
        </test-method> <!-- quitDriver -->
      </class> <!-- handle_web_element.TC02Get_Navigate -->
    </test> <!-- Default test -->
  </suite> <!-- Default suite -->
</testng-results>
