<?xml version="1.0" encoding="UTF-8"?>
<testng-results ignored="0" total="1" passed="1" failed="0" skipped="0">
  <reporter-output>
  </reporter-output>
  <suite started-at="2023-08-19T19:20:23 BDT" name="Default suite" finished-at="2023-08-19T19:20:42 BDT" duration-ms="18351">
    <groups>
    </groups>
    <test started-at="2023-08-19T19:20:23 BDT" name="Default test" finished-at="2023-08-19T19:20:42 BDT" duration-ms="18351">
      <class name="test_moblie.TestDialerApp">
        <test-method signature="test_dial()[pri:0, instance:test_moblie.TestDialerApp@22ef9844]" started-at="2023-08-19T19:20:23 BDT" name="test_dial" finished-at="2023-08-19T19:20:42 BDT" duration-ms="18317" status="PASS">
          <reporter-output>
          </reporter-output>
        </test-method> <!-- test_dial -->
      </class> <!-- test_moblie.TestDialerApp -->
    </test> <!-- Default test -->
  </suite> <!-- Default suite -->
</testng-results>
